<?xml version="1.0" encoding="UTF-8"?>
<!-- Generated by org.testng.reporters.JUnitReportReporter -->
<testsuite skipped="0" hostname="cod-PC" name="testSuite.Sample" tests="1" failures="0" timestamp="22 Aug 2017 20:45:34 GMT" time="0.627" errors="0">
  <testcase name="report" time="0.627" classname="testSuite.Sample"/>
</testsuite> <!-- testSuite.Sample -->
